<?xml version="1.0" encoding="UTF-8"?>
<testsuite name="TomcatEmbedApplicationTest" tests="1" skipped="0" failures="0" errors="0" timestamp="2022-10-19T09:27:35" hostname="assassin.local" time="0.017">
  <properties/>
  <testcase name="test()" classname="TomcatEmbedApplicationTest" time="0.017"/>
  <system-out><![CDATA[/Users/ming/projects/java-tutotial-samples/tomcat-embed-demo
]]></system-out>
  <system-err><![CDATA[]]></system-err>
</testsuite>
