<?xml version="1.0" encoding="UTF-8"?>
<testsuite name="com.hihusky.reflection.util.ReflectionTest" tests="1" skipped="0" failures="0" errors="0" timestamp="2022-08-23T02:24:03" hostname="assassin.local" time="0.028">
  <properties/>
  <testcase name="testField()" classname="com.hihusky.reflection.util.ReflectionTest" time="0.028"/>
  <system-out><![CDATA[Base{value=11}
]]></system-out>
  <system-err><![CDATA[]]></system-err>
</testsuite>
