<?xml version="1.0" encoding="UTF-8"?>
<testsuite name="Demos" tests="1" skipped="0" failures="0" errors="0" timestamp="2022-03-18T07:15:18" hostname="assassin" time="0.019">
  <properties/>
  <testcase name="demo1()" classname="Demos" time="0.019"/>
  <system-out><![CDATA[Value of ap: RedDel
Value of ap: GoldenDel
]]></system-out>
  <system-err><![CDATA[]]></system-err>
</testsuite>
